A51 MACRO ASSEMBLER  LAUFLICHT                                                            06/09/2021 19:36:39 PAGE     1


MACRO ASSEMBLER A51 V8.00
OBJECT MODULE PLACED IN STARTUP.OBJ
ASSEMBLER INVOKED BY: C:\Keil\C51\BIN\A51.EXE STARTUP.A51 SET(SMALL) DEBUG EP

LOC  OBJ            LINE     SOURCE

                       1     ;********************************************************************************
                       2     ; P R O G R A M M    Vorlage
                       3     ;********************************************************************************
                       4     ; Source-File:          Lauflicht.a51
                       5     ; Autor:                Kay Wild, Christophe Damas, Mattia Müggler
                       6     ; Datum:                05.06.2021
                       7     ; Version:              1.0
                       8     ; Beschreibung:         Lauflicht
                       9     ; Eingaben:             8 Schalter S0 bis S7
                      10     ; Ausgaben:             8 LEDs PA0 bis PA7
                      11     ;********************************************************************************
                      12          
                      13     $title  (Lauflicht)
                     252     $list 
                     253      
                     254     NAME Lauflicht
                     255      
                     256     ;----- Deklarationen
  00A0               257     input    equ        P2                          ;P3 8 Eingänge
  00B0               258     output   equ        P3                          ;P2 8 Ausgänge
  0020               259     llStatus        data    20h                                             ; ll -> LaufLichtSt
                             atus
  0021               260     dStatus         data    21h                                             ; directionStatus -
                             > welche richtung zuletzt
                     261      
                     262     ;----- Intitialisierung
0000                 263             ORG        0000h                        ;Startadresse
0000 2100            264             jmp        init
                     265      
0100                 266             ORG             0100h                   ;Programmanfang
0100 75FFDE          267     init:   mov             WDTCN,#0DEh
0103 75FFAD          268             mov             WDTCN,#0ADh             ;disable Watchdog
0106 75A6FF          269             mov             P2MDOUT,#0FFh           ;P2 8 Ausgänge push/pull
0109 75A700          270             mov             P3MDOUT,#000h           ;P3 8 Eingänge
010C 75E340          271             mov             XBR2,#040h              ;enable crossbar (Koppelfeld)
                     272      
                     273     ;------ Hauptprogramm
010F 75B000          274     main:   mov        output,#00h                  ;LEDs dunkel schalten
0112 75A000          275                     mov                     input, #00h
0115 7400            276                     mov       A,#0h
                     277      
0117                 278     loop:                           ;Schalter einlesen 
                     279             
0117 20A244          280             jb      input.2, CBitBack ;Endlosschleife
011A 8033            281                     jmp             CBit
                     282     
                     283     
011C                 284     lightsUp: 
011C 3148            285                     CALL    CMPR
011E 23              286                     rl              A
011F 2401            287                     add     A, #1h
0121 F5B0            288                     mov             output, A
0123 316D            289                     CALL    wait
0125 80F0            290                     jmp             loop
                     291     
0127                 292     lightsDown:     
0127 3148            293                     CALL    CMPR
0129 23              294                     rl              A
A51 MACRO ASSEMBLER  LAUFLICHT                                                            06/09/2021 19:36:39 PAGE     2

012A 9401            295                     subb    A, #1h
012C F5B0            296                     mov             output, A
012E 316D            297                     CALL    wait
0130 80E5            298                     jmp             loop
                     299     
                     300     
0132                 301     lightsUpBack: 
0132 3148            302                     CALL    CMPR
0134 2401            303                     add     A, #1h
0136 03              304                     rr              A
0137 F5B0            305                     mov             output, A
0139 316D            306                     CALL    wait
013B 80DA            307                     jmp             loop
                     308     
013D                 309     lightsDownBack: 
013D 3148            310                     CALL    CMPR
013F 9401            311                     subb    A, #1h 
0141 03              312                     rr              A
0142 F5B0            313                     mov             output, A
0144 316D            314                     CALL    wait
0146 80CF            315                     jmp             loop
                     316      
                     317     ; überprüft ob stop oder pasue gedrückt wurde
0148                 318     CMPR:           
0148 20A0FD          319             JB              input.0, CMPR
014B 20A130          320             JB              input.1, reset
014E 22              321             RET
                     322     
014F 200805          323     CBit:   jb              dStatus.0, CBitTrue
0152 7400            324                     mov     A, #0h
0154 752101          325                     mov             dStatus, #1h
                     326     
0157                 327     CBitTrue:       
0157 F520            328                     mov             llStatus, A
0159 2007CB          329                     jb              llStatus.7, lightsDown
015C 80BE            330                     jmp     lightsUp 
                     331     
015E 300805          332     CBitBack:       jnb dStatus.0, CBitBackTrue
0161 7400            333                             mov     A, #0h
0163 752100          334                             mov             dStatus, #0h
                     335                             
                     336     
0166                 337     CBitBackTrue:
0166 F520            338                             mov llStatus, A
0168 2000D2          339                             jb llStatus.0, lightsDownBack
016B 80C5            340                             jmp     lightsUpBack     
                     341     
                     342     ; start delay
                     343     
016D 7DFF            344     wait:   mov R5, #0FFh              
016F 7EFF            345     wait1:  mov R6, #0FFh
0171 7F05            346     wait2:  mov R7, #05h
0173 7C01            347     wait3:  mov R4, #01h                    ; bei Mesa wait 4 wieder entfernen
0175 DCFE            348     wait4:  djnz R4, wait4
0177 DFFA            349                     djnz R7, wait3
0179 DEF6            350             djnz R6, wait2
017B DDF2            351             djnz R5, wait1
017D 22              352             ret
                     353     
                     354     
017E 75B000          355     reset:   mov        output,#00h 
0181 7400            356                     mov     A, #0h
0183 8092            357                     jmp loop
                     358             END
A51 MACRO ASSEMBLER  LAUFLICHT                                                            06/09/2021 19:36:39 PAGE     3

SYMBOL TABLE LISTING
------ ----- -------


N A M E             T Y P E  V A L U E   ATTRIBUTES

AA . . . . . . . .  B ADDR   00C0H.2 A   
AC . . . . . . . .  B ADDR   00D0H.6 A   
ACC. . . . . . . .  D ADDR   00E0H   A   
AD0BUSY. . . . . .  B ADDR   00E8H.4 A   
AD0CM0 . . . . . .  B ADDR   00E8H.2 A   
AD0CM1 . . . . . .  B ADDR   00E8H.3 A   
AD0EN. . . . . . .  B ADDR   00E8H.7 A   
AD0INT . . . . . .  B ADDR   00E8H.5 A   
AD0LJST. . . . . .  B ADDR   00E8H.0 A   
AD0TM. . . . . . .  B ADDR   00E8H.6 A   
AD0WINT. . . . . .  B ADDR   00E8H.1 A   
ADC0CF . . . . . .  D ADDR   00BCH   A   
ADC0CN . . . . . .  D ADDR   00E8H   A   
ADC0GTH. . . . . .  D ADDR   00C5H   A   
ADC0GTL. . . . . .  D ADDR   00C4H   A   
ADC0H. . . . . . .  D ADDR   00BFH   A   
ADC0L. . . . . . .  D ADDR   00BEH   A   
ADC0LTH. . . . . .  D ADDR   00C7H   A   
ADC0LTL. . . . . .  D ADDR   00C6H   A   
ADC1 . . . . . . .  D ADDR   009CH   A   
ADC1CF . . . . . .  D ADDR   00ABH   A   
ADC1CN . . . . . .  D ADDR   00AAH   A   
AMX0CF . . . . . .  D ADDR   00BAH   A   
AMX0SL . . . . . .  D ADDR   00BBH   A   
AMX1SL . . . . . .  D ADDR   00ACH   A   
B. . . . . . . . .  D ADDR   00F0H   A   
BUSY . . . . . . .  B ADDR   00C0H.7 A   
CBIT . . . . . . .  C ADDR   014FH   A   
CBITBACK . . . . .  C ADDR   015EH   A   
CBITBACKTRUE . . .  C ADDR   0166H   A   
CBITTRUE . . . . .  C ADDR   0157H   A   
CCF0 . . . . . . .  B ADDR   00D8H.0 A   
CCF1 . . . . . . .  B ADDR   00D8H.1 A   
CCF2 . . . . . . .  B ADDR   00D8H.2 A   
CCF3 . . . . . . .  B ADDR   00D8H.3 A   
CCF4 . . . . . . .  B ADDR   00D8H.4 A   
CF . . . . . . . .  B ADDR   00D8H.7 A   
CKCON. . . . . . .  D ADDR   008EH   A   
CMPR . . . . . . .  C ADDR   0148H   A   
CPRL2. . . . . . .  B ADDR   00C8H.0 A   
CPT0CN . . . . . .  D ADDR   009EH   A   
CPT1CN . . . . . .  D ADDR   009FH   A   
CR . . . . . . . .  B ADDR   00D8H.6 A   
CT2. . . . . . . .  B ADDR   00C8H.1 A   
CY . . . . . . . .  B ADDR   00D0H.7 A   
DAC0CN . . . . . .  D ADDR   00D4H   A   
DAC0H. . . . . . .  D ADDR   00D3H   A   
DAC0L. . . . . . .  D ADDR   00D2H   A   
DAC1CN . . . . . .  D ADDR   00D7H   A   
DAC1H. . . . . . .  D ADDR   00D6H   A   
DAC1L. . . . . . .  D ADDR   00D5H   A   
DPH. . . . . . . .  D ADDR   0083H   A   
DPL. . . . . . . .  D ADDR   0082H   A   
DSTATUS. . . . . .  D ADDR   0021H   A   
EA . . . . . . . .  B ADDR   00A8H.7 A   
EIE1 . . . . . . .  D ADDR   00E6H   A   
EIE2 . . . . . . .  D ADDR   00E7H   A   
EIP1 . . . . . . .  D ADDR   00F6H   A   
EIP2 . . . . . . .  D ADDR   00F7H   A   
EMI0CF . . . . . .  D ADDR   00A3H   A   
A51 MACRO ASSEMBLER  LAUFLICHT                                                            06/09/2021 19:36:39 PAGE     4

EMI0CN . . . . . .  D ADDR   00AFH   A   
EMI0TC . . . . . .  D ADDR   00A1H   A   
ENSMB. . . . . . .  B ADDR   00C0H.6 A   
ES0. . . . . . . .  B ADDR   00A8H.4 A   
ET0. . . . . . . .  B ADDR   00A8H.1 A   
ET1. . . . . . . .  B ADDR   00A8H.3 A   
ET2. . . . . . . .  B ADDR   00A8H.5 A   
EX0. . . . . . . .  B ADDR   00A8H.0 A   
EX1. . . . . . . .  B ADDR   00A8H.2 A   
EXEN2. . . . . . .  B ADDR   00C8H.3 A   
EXF2 . . . . . . .  B ADDR   00C8H.6 A   
F0 . . . . . . . .  B ADDR   00D0H.5 A   
F1 . . . . . . . .  B ADDR   00D0H.1 A   
FLACL. . . . . . .  D ADDR   00B7H   A   
FLSCL. . . . . . .  D ADDR   00B6H   A   
IE . . . . . . . .  D ADDR   00A8H   A   
IE0. . . . . . . .  B ADDR   0088H.1 A   
IE1. . . . . . . .  B ADDR   0088H.3 A   
INIT . . . . . . .  C ADDR   0100H   A   
INPUT. . . . . . .  D ADDR   00A0H   A   
IP . . . . . . . .  D ADDR   00B8H   A   
IT0. . . . . . . .  B ADDR   0088H.0 A   
IT1. . . . . . . .  B ADDR   0088H.2 A   
LAUFLICHT. . . . .  N NUMB   -----       
LIGHTSDOWN . . . .  C ADDR   0127H   A   
LIGHTSDOWNBACK . .  C ADDR   013DH   A   
LIGHTSUP . . . . .  C ADDR   011CH   A   
LIGHTSUPBACK . . .  C ADDR   0132H   A   
LLSTATUS . . . . .  D ADDR   0020H   A   
LOOP . . . . . . .  C ADDR   0117H   A   
MAIN . . . . . . .  C ADDR   010FH   A   
MODF . . . . . . .  B ADDR   00F8H.5 A   
MSTEN. . . . . . .  B ADDR   00F8H.1 A   
OSCICN . . . . . .  D ADDR   00B2H   A   
OSCXCN . . . . . .  D ADDR   00B1H   A   
OUTPUT . . . . . .  D ADDR   00B0H   A   
OV . . . . . . . .  B ADDR   00D0H.2 A   
P. . . . . . . . .  B ADDR   00D0H.0 A   
P0 . . . . . . . .  D ADDR   0080H   A   
P0MDOUT. . . . . .  D ADDR   00A4H   A   
P1 . . . . . . . .  D ADDR   0090H   A   
P1MDIN . . . . . .  D ADDR   00BDH   A   
P1MDOUT. . . . . .  D ADDR   00A5H   A   
P2 . . . . . . . .  D ADDR   00A0H   A   
P2MDOUT. . . . . .  D ADDR   00A6H   A   
P3 . . . . . . . .  D ADDR   00B0H   A   
P3IF . . . . . . .  D ADDR   00ADH   A   
P3MDOUT. . . . . .  D ADDR   00A7H   A   
P4 . . . . . . . .  D ADDR   0084H   A   
P5 . . . . . . . .  D ADDR   0085H   A   
P6 . . . . . . . .  D ADDR   0086H   A   
P7 . . . . . . . .  D ADDR   0096H   A   
P74OUT . . . . . .  D ADDR   00B5H   A   
PCA0CN . . . . . .  D ADDR   00D8H   A   
PCA0CPH0 . . . . .  D ADDR   00FAH   A   
PCA0CPH1 . . . . .  D ADDR   00FBH   A   
PCA0CPH2 . . . . .  D ADDR   00FCH   A   
PCA0CPH3 . . . . .  D ADDR   00FDH   A   
PCA0CPH4 . . . . .  D ADDR   00FEH   A   
PCA0CPL0 . . . . .  D ADDR   00EAH   A   
PCA0CPL1 . . . . .  D ADDR   00EBH   A   
PCA0CPL2 . . . . .  D ADDR   00ECH   A   
PCA0CPL3 . . . . .  D ADDR   00EDH   A   
PCA0CPL4 . . . . .  D ADDR   00EEH   A   
PCA0CPM0 . . . . .  D ADDR   00DAH   A   
PCA0CPM1 . . . . .  D ADDR   00DBH   A   
A51 MACRO ASSEMBLER  LAUFLICHT                                                            06/09/2021 19:36:39 PAGE     5

PCA0CPM2 . . . . .  D ADDR   00DCH   A   
PCA0CPM3 . . . . .  D ADDR   00DDH   A   
PCA0CPM4 . . . . .  D ADDR   00DEH   A   
PCA0H. . . . . . .  D ADDR   00F9H   A   
PCA0L. . . . . . .  D ADDR   00E9H   A   
PCA0MD . . . . . .  D ADDR   00D9H   A   
PCON . . . . . . .  D ADDR   0087H   A   
PS . . . . . . . .  B ADDR   00B8H.4 A   
PSCTL. . . . . . .  D ADDR   008FH   A   
PSW. . . . . . . .  D ADDR   00D0H   A   
PT0. . . . . . . .  B ADDR   00B8H.1 A   
PT1. . . . . . . .  B ADDR   00B8H.3 A   
PT2. . . . . . . .  B ADDR   00B8H.5 A   
PX0. . . . . . . .  B ADDR   00B8H.0 A   
PX1. . . . . . . .  B ADDR   00B8H.2 A   
RB80 . . . . . . .  B ADDR   0098H.2 A   
RCAP2H . . . . . .  D ADDR   00CBH   A   
RCAP2L . . . . . .  D ADDR   00CAH   A   
RCAP4H . . . . . .  D ADDR   00E5H   A   
RCAP4L . . . . . .  D ADDR   00E4H   A   
RCLK0. . . . . . .  B ADDR   00C8H.5 A   
REF0CN . . . . . .  D ADDR   00D1H   A   
REN0 . . . . . . .  B ADDR   0098H.4 A   
RESET. . . . . . .  C ADDR   017EH   A   
RI0. . . . . . . .  B ADDR   0098H.0 A   
RS0. . . . . . . .  B ADDR   00D0H.3 A   
RS1. . . . . . . .  B ADDR   00D0H.4 A   
RSTSRC . . . . . .  D ADDR   00EFH   A   
RXOVRN . . . . . .  B ADDR   00F8H.4 A   
SADDR0 . . . . . .  D ADDR   00A9H   A   
SADDR1 . . . . . .  D ADDR   00F3H   A   
SADEN0 . . . . . .  D ADDR   00B9H   A   
SADEN1 . . . . . .  D ADDR   00AEH   A   
SBUF0. . . . . . .  D ADDR   0099H   A   
SBUF1. . . . . . .  D ADDR   00F2H   A   
SCON0. . . . . . .  D ADDR   0098H   A   
SCON1. . . . . . .  D ADDR   00F1H   A   
SI . . . . . . . .  B ADDR   00C0H.3 A   
SLVSEL . . . . . .  B ADDR   00F8H.2 A   
SM00 . . . . . . .  B ADDR   0098H.7 A   
SM10 . . . . . . .  B ADDR   0098H.6 A   
SM20 . . . . . . .  B ADDR   0098H.5 A   
SMB0ADR. . . . . .  D ADDR   00C3H   A   
SMB0CN . . . . . .  D ADDR   00C0H   A   
SMB0CR . . . . . .  D ADDR   00CFH   A   
SMB0DAT. . . . . .  D ADDR   00C2H   A   
SMB0STA. . . . . .  D ADDR   00C1H   A   
SMBFTE . . . . . .  B ADDR   00C0H.1 A   
SMBTOE . . . . . .  B ADDR   00C0H.0 A   
SP . . . . . . . .  D ADDR   0081H   A   
SPI0CFG. . . . . .  D ADDR   009AH   A   
SPI0CKR. . . . . .  D ADDR   009DH   A   
SPI0CN . . . . . .  D ADDR   00F8H   A   
SPI0DAT. . . . . .  D ADDR   009BH   A   
SPIEN. . . . . . .  B ADDR   00F8H.0 A   
SPIF . . . . . . .  B ADDR   00F8H.7 A   
STA. . . . . . . .  B ADDR   00C0H.5 A   
STO. . . . . . . .  B ADDR   00C0H.4 A   
T2CON. . . . . . .  D ADDR   00C8H   A   
T4CON. . . . . . .  D ADDR   00C9H   A   
TB80 . . . . . . .  B ADDR   0098H.3 A   
TCLK0. . . . . . .  B ADDR   00C8H.4 A   
TCON . . . . . . .  D ADDR   0088H   A   
TF0. . . . . . . .  B ADDR   0088H.5 A   
TF1. . . . . . . .  B ADDR   0088H.7 A   
TF2. . . . . . . .  B ADDR   00C8H.7 A   
A51 MACRO ASSEMBLER  LAUFLICHT                                                            06/09/2021 19:36:39 PAGE     6

TH0. . . . . . . .  D ADDR   008CH   A   
TH1. . . . . . . .  D ADDR   008DH   A   
TH2. . . . . . . .  D ADDR   00CDH   A   
TH4. . . . . . . .  D ADDR   00F5H   A   
TI0. . . . . . . .  B ADDR   0098H.1 A   
TL0. . . . . . . .  D ADDR   008AH   A   
TL1. . . . . . . .  D ADDR   008BH   A   
TL2. . . . . . . .  D ADDR   00CCH   A   
TL4. . . . . . . .  D ADDR   00F4H   A   
TMOD . . . . . . .  D ADDR   0089H   A   
TMR3CN . . . . . .  D ADDR   0091H   A   
TMR3H. . . . . . .  D ADDR   0095H   A   
TMR3L. . . . . . .  D ADDR   0094H   A   
TMR3RLH. . . . . .  D ADDR   0093H   A   
TMR3RLL. . . . . .  D ADDR   0092H   A   
TR0. . . . . . . .  B ADDR   0088H.4 A   
TR1. . . . . . . .  B ADDR   0088H.6 A   
TR2. . . . . . . .  B ADDR   00C8H.2 A   
TXBSY. . . . . . .  B ADDR   00F8H.3 A   
WAIT . . . . . . .  C ADDR   016DH   A   
WAIT1. . . . . . .  C ADDR   016FH   A   
WAIT2. . . . . . .  C ADDR   0171H   A   
WAIT3. . . . . . .  C ADDR   0173H   A   
WAIT4. . . . . . .  C ADDR   0175H   A   
WCOL . . . . . . .  B ADDR   00F8H.6 A   
WDTCN. . . . . . .  D ADDR   00FFH   A   
XBR0 . . . . . . .  D ADDR   00E1H   A   
XBR1 . . . . . . .  D ADDR   00E2H   A   
XBR2 . . . . . . .  D ADDR   00E3H   A   


REGISTER BANK(S) USED: 0 


ASSEMBLY COMPLETE.  0 WARNING(S), 0 ERROR(S)
